2026-06-06 13:47:34.533 | INFO     | __main__:init_db:14 - Creating all tables...
2026-06-06 13:47:34.888 | INFO     | __main__:init_db:18 - Tables created successfully
2026-06-06 13:47:34.909 | WARNING  | __main__:init_db:35 - Hypertable hostility_scores skipped: (psycopg2.DatabaseError) cannot create a unique index without the column "time" (used in partitioning)
HINT:  If you're creating a hypertable on a table with a primary key, ensure the partitioning column is part of the primary or composite key.

[SQL: SELECT create_hypertable('hostility_scores', 'time', if_not_exists => TRUE);]
(Background on this error at: https://sqlalche.me/e/20/4xp6)
2026-06-06 13:47:34.913 | WARNING  | __main__:init_db:35 - Hypertable trade_events skipped: (psycopg2.errors.InFailedSqlTransaction) current transaction is aborted, commands ignored until end of transaction block

[SQL: SELECT create_hypertable('trade_events', 'time', if_not_exists => TRUE);]
(Background on this error at: https://sqlalche.me/e/20/2j85)
2026-06-06 13:47:34.916 | WARNING  | __main__:init_db:35 - Hypertable forecast_results skipped: (psycopg2.errors.InFailedSqlTransaction) current transaction is aborted, commands ignored until end of transaction block

[SQL: SELECT create_hypertable('forecast_results', 'time', if_not_exists => TRUE);]
(Background on this error at: https://sqlalche.me/e/20/2j85)
2026-06-06 13:47:34.919 | INFO     | __main__:init_db:37 - Database initialised. Phase 2 complete.
2026-06-06 13:48:56.251 | INFO     | __main__:init_db:14 - Creating all tables...
2026-06-06 13:48:56.365 | INFO     | __main__:init_db:18 - Tables created successfully
2026-06-06 13:48:56.373 | WARNING  | __main__:init_db:35 - Hypertable hostility_scores skipped: (psycopg2.DatabaseError) cannot create a unique index without the column "time" (used in partitioning)
HINT:  If you're creating a hypertable on a table with a primary key, ensure the partitioning column is part of the primary or composite key.

[SQL: SELECT create_hypertable('hostility_scores', 'time', if_not_exists => TRUE);]
(Background on this error at: https://sqlalche.me/e/20/4xp6)
2026-06-06 13:48:56.376 | WARNING  | __main__:init_db:35 - Hypertable trade_events skipped: (psycopg2.errors.InFailedSqlTransaction) current transaction is aborted, commands ignored until end of transaction block

[SQL: SELECT create_hypertable('trade_events', 'time', if_not_exists => TRUE);]
(Background on this error at: https://sqlalche.me/e/20/2j85)
2026-06-06 13:48:56.379 | WARNING  | __main__:init_db:35 - Hypertable forecast_results skipped: (psycopg2.errors.InFailedSqlTransaction) current transaction is aborted, commands ignored until end of transaction block

[SQL: SELECT create_hypertable('forecast_results', 'time', if_not_exists => TRUE);]
(Background on this error at: https://sqlalche.me/e/20/2j85)
2026-06-06 13:48:56.381 | INFO     | __main__:init_db:37 - Database initialised. Phase 2 complete.
2026-06-06 13:49:53.378 | INFO     | __main__:init_db:14 - Creating all tables...
2026-06-06 13:49:53.543 | INFO     | __main__:init_db:18 - Tables created successfully
2026-06-06 13:49:53.561 | INFO     | __main__:init_db:33 - Hypertable created: hostility_scores
2026-06-06 13:49:53.574 | INFO     | __main__:init_db:33 - Hypertable created: trade_events
2026-06-06 13:49:53.590 | INFO     | __main__:init_db:33 - Hypertable created: forecast_results
2026-06-06 13:49:53.591 | INFO     | __main__:init_db:37 - Database initialised. Phase 2 complete.
2026-06-06 13:51:42.234 | INFO     | __main__:seed:41 - Seeded 10 countries
2026-06-06 13:51:42.262 | INFO     | __main__:seed:51 - Seeded 8 commodities
2026-06-06 13:51:42.263 | INFO     | __main__:seed:55 - Seed complete.
2026-06-06 16:55:01.855 | INFO     | backend.m1_ingestion.workers.graph_builder:build_trade_graph:79 - Building trade graph...
2026-06-06 16:55:02.084 | INFO     | backend.m1_ingestion.workers.graph_builder:build_trade_graph:106 - Graph built — 10 nodes, 0 edges, 0 articles queued
2026-06-06 16:55:33.686 | DEBUG    | backend.m1_ingestion.utils.text_preprocessor:fetch_article_text:70 - Article fetch failed for https://arynews.tv/ppp-ajk-parliamentary-party-mull-over-azad-kashmirs-situation: timed out
2026-06-06 16:56:09.382 | INFO     | backend.m1_ingestion.workers.stream_worker:fetch_gdelt_news:65 - Starting GDELT fetch...
2026-06-06 16:56:10.096 | INFO     | backend.m1_ingestion.workers.stream_worker:fetch_gdelt_news:74 - Fetching: http://data.gdeltproject.org/gdeltv2/20260606113000.export.CSV.zip
2026-06-06 16:56:10.385 | INFO     | backend.m1_ingestion.workers.stream_worker:fetch_gdelt_news:138 - GDELT fetch complete — stored 0 events
2026-06-06 16:59:31.404 | INFO     | backend.m1_ingestion.workers.stream_worker:fetch_gdelt_news:91 - Starting GDELT fetch...
2026-06-06 16:59:31.867 | INFO     | backend.m1_ingestion.workers.stream_worker:fetch_gdelt_news:99 - Fetching: http://data.gdeltproject.org/gdeltv2/20260606113000.export.CSV.zip
2026-06-06 16:59:32.611 | INFO     | backend.m1_ingestion.workers.stream_worker:fetch_gdelt_news:157 - GDELT fetch complete — stored 100 events (skipped 92 no-country rows)
2026-06-06 17:00:07.901 | INFO     | backend.m1_ingestion.workers.graph_builder:build_trade_graph:79 - Building trade graph...
2026-06-06 17:00:08.137 | INFO     | backend.m1_ingestion.workers.graph_builder:build_trade_graph:97 - Pushed 50 article URLs to Redis for M3
2026-06-06 17:00:08.138 | INFO     | backend.m1_ingestion.workers.graph_builder:build_trade_graph:106 - Graph built — 10 nodes, 0 edges, 50 articles queued
2026-06-06 17:00:27.409 | INFO     | backend.m1_ingestion.workers.batch_worker:fetch_comtrade_data:108 - Starting Comtrade batch fetch...
2026-06-06 17:00:29.941 | WARNING  | backend.m1_ingestion.workers.batch_worker:fetch_single_route:45 - Comtrade rate limit hit for USA/2711
2026-06-06 17:00:36.826 | WARNING  | backend.m1_ingestion.workers.batch_worker:fetch_single_route:45 - Comtrade rate limit hit for USA/1005
2026-06-06 17:00:50.953 | DEBUG    | backend.m1_ingestion.workers.batch_worker:fetch_single_route:56 - No Comtrade data for RUS/2709
2026-06-06 17:00:51.844 | DEBUG    | backend.m1_ingestion.workers.batch_worker:fetch_single_route:56 - No Comtrade data for RUS/2711
2026-06-06 17:00:52.948 | DEBUG    | backend.m1_ingestion.workers.batch_worker:fetch_single_route:56 - No Comtrade data for RUS/1001
2026-06-06 17:00:54.102 | DEBUG    | backend.m1_ingestion.workers.batch_worker:fetch_single_route:56 - No Comtrade data for RUS/8542
2026-06-06 17:00:56.184 | DEBUG    | backend.m1_ingestion.workers.batch_worker:fetch_single_route:56 - No Comtrade data for RUS/7206
2026-06-06 17:00:57.304 | DEBUG    | backend.m1_ingestion.workers.batch_worker:fetch_single_route:56 - No Comtrade data for RUS/2805
2026-06-06 17:00:58.452 | DEBUG    | backend.m1_ingestion.workers.batch_worker:fetch_single_route:56 - No Comtrade data for RUS/1005
2026-06-06 17:00:59.248 | WARNING  | backend.m1_ingestion.workers.batch_worker:fetch_single_route:45 - Comtrade rate limit hit for RUS/2825
2026-06-06 17:01:16.487 | DEBUG    | backend.m1_ingestion.workers.batch_worker:fetch_single_route:56 - No Comtrade data for IND/2709
2026-06-06 17:01:17.624 | DEBUG    | backend.m1_ingestion.workers.batch_worker:fetch_single_route:56 - No Comtrade data for IND/2711
2026-06-06 17:01:18.844 | DEBUG    | backend.m1_ingestion.workers.batch_worker:fetch_single_route:56 - No Comtrade data for IND/1001
2026-06-06 17:01:19.935 | DEBUG    | backend.m1_ingestion.workers.batch_worker:fetch_single_route:56 - No Comtrade data for IND/8542
2026-06-06 17:01:20.937 | DEBUG    | backend.m1_ingestion.workers.batch_worker:fetch_single_route:56 - No Comtrade data for IND/7206
2026-06-06 17:01:21.914 | WARNING  | backend.m1_ingestion.workers.batch_worker:fetch_single_route:45 - Comtrade rate limit hit for IND/2805
2026-06-06 17:01:22.903 | DEBUG    | backend.m1_ingestion.workers.batch_worker:fetch_single_route:56 - No Comtrade data for IND/1005
2026-06-06 17:01:23.764 | WARNING  | backend.m1_ingestion.workers.batch_worker:fetch_single_route:45 - Comtrade rate limit hit for IND/2825
2026-06-06 17:01:26.739 | WARNING  | backend.m1_ingestion.workers.batch_worker:fetch_single_route:45 - Comtrade rate limit hit for SAU/1001
2026-06-06 17:01:31.373 | DEBUG    | backend.m1_ingestion.workers.batch_worker:fetch_single_route:56 - No Comtrade data for SAU/7206
2026-06-06 17:01:32.141 | WARNING  | backend.m1_ingestion.workers.batch_worker:fetch_single_route:45 - Comtrade rate limit hit for SAU/2805
2026-06-06 17:01:35.377 | DEBUG    | backend.m1_ingestion.workers.batch_worker:fetch_single_route:56 - No Comtrade data for JPN/2709
2026-06-06 17:02:31.379 | INFO     | backend.m1_ingestion.workers.batch_worker:fetch_comtrade_data:122 - Comtrade batch complete — 0 routes updated
2026-06-06 17:36:52.558 | INFO     | __main__:seed:52 - Countries already seeded, skipping
2026-06-06 17:36:52.563 | INFO     | __main__:seed:62 - Commodities already seeded, skipping
2026-06-06 17:36:52.564 | INFO     | __main__:seed:64 - Seed complete.
2026-06-06 17:37:05.653 | INFO     | __main__:seed_routes:89 - Added 9 new countries
2026-06-06 17:37:05.849 | INFO     | __main__:seed_routes:120 - Seeded 29 India-centric trade routes (0 skipped)
2026-06-06 17:37:27.946 | INFO     | backend.m1_ingestion.workers.graph_builder:build_trade_graph:79 - Building trade graph...
2026-06-06 17:37:28.109 | INFO     | backend.m1_ingestion.workers.graph_builder:build_trade_graph:97 - Pushed 50 article URLs to Redis for M3
2026-06-06 17:37:28.109 | INFO     | backend.m1_ingestion.workers.graph_builder:build_trade_graph:106 - Graph built — 19 nodes, 19 edges, 50 articles queued
2026-06-10 12:17:38.763 | INFO     | backend.m3_sentiment.sentiment_engine:process_pending_articles:25 - Sentiment engine starting — 50 articles in queue
2026-06-10 12:17:39.580 | INFO     | backend.m3_sentiment.models.roberta_scorer:get_classifier:11 - Loading RoBERTa sentiment model...
2026-06-10 12:20:44.055 | INFO     | backend.m3_sentiment.models.roberta_scorer:get_classifier:18 - RoBERTa model loaded
2026-06-10 12:20:57.010 | INFO     | backend.m3_sentiment.sentiment_engine:process_pending_articles:91 - Scored 10 articles (0 failed/paywalled)
2026-06-10 12:20:57.116 | INFO     | backend.m3_sentiment.models.score_aggregator:aggregate_and_store:80 - Aggregated 3 country-pair hostility scores
2026-06-10 12:20:57.127 | INFO     | backend.m3_sentiment.models.anomaly_detector:detect_anomalies:61 - Anomaly detection complete — 0 spikes flagged
2026-06-10 12:40:11.889 | INFO     | backend.m4_trade.trade_intelligence:run_trade_intelligence:19 - Running trade intelligence pipeline...
2026-06-10 12:40:12.043 | INFO     | backend.m4_trade.utils.feature_engineer:build_training_dataset:135 - Built training dataset: 29 routes, 0 high-risk
2026-06-10 12:40:12.047 | WARNING  | backend.m4_trade.models.route_risk_model:train:33 - Only one class in labels — using synthetic variation
2026-06-10 12:40:12.442 | INFO     | backend.m4_trade.models.route_risk_model:train:58 - Route Risk Model trained:
              precision    recall  f1-score   support

           0       1.00      1.00      1.00         6

    accuracy                           1.00         6
   macro avg       1.00      1.00      1.00         6
weighted avg       1.00      1.00      1.00         6

2026-06-10 12:40:12.446 | INFO     | backend.m4_trade.models.route_risk_model:train:63 - Model saved to data/processed/route_risk_model.pkl
2026-06-10 12:40:14.104 | INFO     | backend.m4_trade.models.demand_forecaster:train:67 - Demand Forecaster trained — MAE: 7.46, R²: -0.221
2026-06-10 12:40:14.106 | INFO     | backend.m4_trade.models.demand_forecaster:train:71 - Demand forecaster saved to data/processed/demand_forecaster.pkl
2026-06-10 12:40:15.431 | INFO     | backend.m4_trade.trade_intelligence:run_trade_intelligence:97 - Trade intelligence complete — 29 routes scored
2026-06-10 12:48:19.670 | INFO     | backend.m5_simulation.whatif_engine:run_whatif:36 - Running what-if simulation: 'Russia oil cutoff 50pct' with 1 shock(s)
2026-06-10 12:48:19.688 | WARNING  | backend.m5_simulation.graph_loader:load_graph_from_redis:18 - No trade graph in Redis — rebuild needed
2026-06-10 12:48:19.688 | INFO     | backend.m5_simulation.graph_loader:load_graph_from_db:33 - Building graph from DB (Redis cache miss)...
2026-06-10 12:48:19.746 | INFO     | backend.m5_simulation.graph_loader:load_graph_from_db:69 - Graph built from DB: 19 nodes, 19 edges
2026-06-10 12:48:19.748 | INFO     | backend.m5_simulation.cascade_engine:run_cascade:127 - BFS cascade complete — 2 nodes affected, 1 edges impacted
2026-06-10 12:48:19.798 | INFO     | backend.m5_simulation.whatif_engine:run_whatif:81 - Simulation 'Russia oil cutoff 50pct' saved to DB
2026-06-10 12:48:19.799 | INFO     | backend.m5_simulation.whatif_engine:run_whatif:36 - Running what-if simulation: 'China semiconductor ban' with 1 shock(s)
2026-06-10 12:48:19.803 | WARNING  | backend.m5_simulation.graph_loader:load_graph_from_redis:18 - No trade graph in Redis — rebuild needed
2026-06-10 12:48:19.803 | INFO     | backend.m5_simulation.graph_loader:load_graph_from_db:33 - Building graph from DB (Redis cache miss)...
2026-06-10 12:48:19.818 | INFO     | backend.m5_simulation.graph_loader:load_graph_from_db:69 - Graph built from DB: 19 nodes, 19 edges
2026-06-10 12:48:19.820 | INFO     | backend.m5_simulation.cascade_engine:run_cascade:127 - BFS cascade complete — 2 nodes affected, 1 edges impacted
2026-06-10 12:48:19.878 | INFO     | backend.m5_simulation.whatif_engine:run_whatif:81 - Simulation 'China semiconductor ban' saved to DB
2026-06-10 12:48:19.879 | INFO     | backend.m5_simulation.whatif_engine:run_whatif:36 - Running what-if simulation: 'Middle East energy crisis' with 2 shock(s)
2026-06-10 12:48:19.883 | WARNING  | backend.m5_simulation.graph_loader:load_graph_from_redis:18 - No trade graph in Redis — rebuild needed
2026-06-10 12:48:19.884 | INFO     | backend.m5_simulation.graph_loader:load_graph_from_db:33 - Building graph from DB (Redis cache miss)...
2026-06-10 12:48:19.901 | INFO     | backend.m5_simulation.graph_loader:load_graph_from_db:69 - Graph built from DB: 19 nodes, 19 edges
2026-06-10 12:48:19.903 | INFO     | backend.m5_simulation.cascade_engine:run_cascade:127 - BFS cascade complete — 2 nodes affected, 1 edges impacted
2026-06-10 12:48:19.957 | INFO     | backend.m5_simulation.whatif_engine:run_whatif:81 - Simulation 'Middle East energy crisis' saved to DB
2026-06-10 13:23:21.517 | INFO     | backend.m6_api.main:lifespan:14 - FastAPI started — live feed running
2026-06-10 13:40:57.022 | INFO     | backend.m6_api.main:lifespan:17 - FastAPI shutting down
2026-06-10 13:40:58.741 | INFO     | backend.m6_api.main:lifespan:14 - FastAPI started — live feed running
2026-06-10 13:42:15.703 | INFO     | backend.m6_api.main:lifespan:17 - FastAPI shutting down
2026-06-10 20:50:13.223 | INFO     | backend.m6_api.main:lifespan:17 - FastAPI started — live feed running
2026-06-10 20:51:00.582 | INFO     | backend.m6_api.websocket.broadcaster:connect:14 - WS client connected — total: 1
2026-06-10 20:51:00.600 | INFO     | backend.m6_api.websocket.broadcaster:connect:14 - WS client connected — total: 2
2026-06-10 20:51:00.607 | INFO     | backend.m6_api.websocket.broadcaster:disconnect:20 - WS client disconnected — total: 1
2026-06-10 20:51:00.612 | INFO     | backend.m6_api.websocket.broadcaster:disconnect:20 - WS client disconnected — total: 0
2026-06-10 20:51:33.742 | INFO     | backend.m5_simulation.whatif_engine:run_whatif:36 - Running what-if simulation: 'Frontend integration check' with 1 shock(s)
2026-06-10 20:51:33.753 | WARNING  | backend.m5_simulation.graph_loader:load_graph_from_redis:18 - No trade graph in Redis — rebuild needed
2026-06-10 20:51:33.757 | INFO     | backend.m5_simulation.graph_loader:load_graph_from_db:33 - Building graph from DB (Redis cache miss)...
2026-06-10 20:51:33.778 | INFO     | backend.m5_simulation.graph_loader:load_graph_from_db:69 - Graph built from DB: 19 nodes, 19 edges
2026-06-10 20:51:33.783 | INFO     | backend.m5_simulation.cascade_engine:run_cascade:127 - BFS cascade complete — 2 nodes affected, 1 edges impacted
2026-06-10 20:51:33.846 | INFO     | backend.m5_simulation.whatif_engine:run_whatif:81 - Simulation 'Frontend integration check' saved to DB
